<?xml version="1.0" encoding="UTF-8"?>
<!-- Generated by org.testng.reporters.JUnitReportReporter -->
<testsuite hostname="LIN-JDZLBK3" failures="0" tests="1" name="MMTRunner.BusesRunner" time="21.303" errors="0" timestamp="2024-04-18T10:24:17 IST" skipped="0">
  <testcase classname="MMTRunner.BusesRunner" name="runScenario" time="21.303"/>
</testsuite> <!-- MMTRunner.BusesRunner -->
